<?xml version="1.0" encoding="UTF-8"?>
<testng-results ignored="4" total="7" passed="3" failed="0" skipped="0">
  <reporter-output>
  </reporter-output>
  <suite started-at="2022-08-09T22:49:21 IST" name="Suite" finished-at="2022-08-09T22:51:48 IST" duration-ms="147092">
    <groups>
    </groups>
    <test started-at="2022-08-09T22:49:21 IST" name="Test" finished-at="2022-08-09T22:51:48 IST" duration-ms="147092">
      <class name="com.qa.testcases.Test002">
        <test-method signature="method2()[pri:2, instance:com.qa.testcases.Test002@5852c06f]" started-at="2022-08-09T22:50:27 IST" name="method2" finished-at="2022-08-09T22:51:24 IST" duration-ms="56735" status="PASS">
          <reporter-output>
          </reporter-output>
        </test-method> <!-- method2 -->
      </class> <!-- com.qa.testcases.Test002 -->
      <class name="com.qa.testcases.Test003">
        <test-method signature="method3()[pri:3, instance:com.qa.testcases.Test003@4149c063]" started-at="2022-08-09T22:51:24 IST" name="method3" finished-at="2022-08-09T22:51:48 IST" duration-ms="23779" status="PASS">
          <reporter-output>
          </reporter-output>
        </test-method> <!-- method3 -->
      </class> <!-- com.qa.testcases.Test003 -->
      <class name="com.qa.testcases.Test001">
        <test-method is-config="true" signature="start()[pri:0, instance:com.qa.testcases.Test001@78fa769e]" started-at="2022-08-09T22:49:16 IST" name="start" finished-at="2022-08-09T22:49:21 IST" duration-ms="4856" status="PASS">
          <reporter-output>
          </reporter-output>
        </test-method> <!-- start -->
        <test-method signature="method1()[pri:1, instance:com.qa.testcases.Test001@78fa769e]" started-at="2022-08-09T22:49:21 IST" name="method1" finished-at="2022-08-09T22:50:27 IST" duration-ms="66537" status="PASS">
          <reporter-output>
          </reporter-output>
        </test-method> <!-- method1 -->
        <test-method is-config="true" signature="end()[pri:0, instance:com.qa.testcases.Test001@78fa769e]" started-at="2022-08-09T22:51:48 IST" name="end" finished-at="2022-08-09T22:51:49 IST" duration-ms="525" status="PASS">
          <reporter-output>
          </reporter-output>
        </test-method> <!-- end -->
      </class> <!-- com.qa.testcases.Test001 -->
    </test> <!-- Test -->
  </suite> <!-- Suite -->
</testng-results>
